
> habitaplan@0.12.2 build-storybook
> storybook build --output-dir=C:\Users\denys\AppData\Local\Temp\chromatic--18460-KIZbIMkMwino

[1m@storybook/core v8.6.18
[22m
info => Cleaning outputDir: [36m..\..\AppData\Local\Temp\chromatic--18460-KIZbIMkMwino[39m
info => Loading presets
info => Building manager..
info => Manager built ([38;2;181;126;229m289 ms[39m)
info => Building preview..
info Using tsconfig paths for react-docgen
[36mvite v8.0.9 [32mbuilding client environment for production...[36m[39m
WARN No story files found for the specified pattern: [34msrc\**\*.mdx[39m
[2Ktransforming...info => Copying static files: [36mpublic[39m at [36m..\..\AppData\Local\Temp\chromatic--18460-KIZbIMkMwino[39m
✓ 94 modules transformed.
rendering chunks...
computing gzip size...
../../AppData/Local/Temp/chromatic--18460-KIZbIMkMwino/iframe.html                                18.04 kB │ gzip:   5.10 kB
../../AppData/Local/Temp/chromatic--18460-KIZbIMkMwino/assets/preview-CBxbqsC1.css                68.53 kB │ gzip:  12.35 kB
../../AppData/Local/Temp/chromatic--18460-KIZbIMkMwino/assets/preview-RIYdlFmC.js                  0.04 kB │ gzip:   0.06 kB
../../AppData/Local/Temp/chromatic--18460-KIZbIMkMwino/assets/chunk-H6MOWX77-B7cdPOPf.js           0.09 kB │ gzip:   0.11 kB
../../AppData/Local/Temp/chromatic--18460-KIZbIMkMwino/assets/preview-Bw9ndB2w.js                  0.15 kB │ gzip:   0.13 kB
../../AppData/Local/Temp/chromatic--18460-KIZbIMkMwino/assets/clsx-pVRQNNR0.js                     0.36 kB │ gzip:   0.23 kB
../../AppData/Local/Temp/chromatic--18460-KIZbIMkMwino/assets/test-utils-WHe588Y1.js               0.42 kB │ gzip:   0.30 kB
../../AppData/Local/Temp/chromatic--18460-KIZbIMkMwino/assets/jsx-runtime-3WuXvqOa.js              0.43 kB │ gzip:   0.30 kB
../../AppData/Local/Temp/chromatic--18460-KIZbIMkMwino/assets/react-yNCWPdVA.js                    0.45 kB │ gzip:   0.28 kB
../../AppData/Local/Temp/chromatic--18460-KIZbIMkMwino/assets/esm-C3ETFloR.js                      0.66 kB │ gzip:   0.40 kB
../../AppData/Local/Temp/chromatic--18460-KIZbIMkMwino/assets/preview-CfYY1Ny7.js                  0.68 kB │ gzip:   0.47 kB
../../AppData/Local/Temp/chromatic--18460-KIZbIMkMwino/assets/chunk-XP5HYGXS-CUjeU82n.js           0.71 kB │ gzip:   0.40 kB
../../AppData/Local/Temp/chromatic--18460-KIZbIMkMwino/assets/react-18-BrvyTAlT.js                 0.83 kB │ gzip:   0.49 kB
../../AppData/Local/Temp/chromatic--18460-KIZbIMkMwino/assets/preview-DkBz_3YI.js                  0.95 kB │ gzip:   0.58 kB
../../AppData/Local/Temp/chromatic--18460-KIZbIMkMwino/assets/rolldown-runtime-DWdDZTNf.js         1.08 kB │ gzip:   0.62 kB
../../AppData/Local/Temp/chromatic--18460-KIZbIMkMwino/assets/preview-vz99xBcT.js                  1.88 kB │ gzip:   1.11 kB
../../AppData/Local/Temp/chromatic--18460-KIZbIMkMwino/assets/preview-B5m6NOqd.js                  3.39 kB │ gzip:   1.60 kB
../../AppData/Local/Temp/chromatic--18460-KIZbIMkMwino/assets/card.stories-w3yYLZV1.js             3.57 kB │ gzip:   1.32 kB
../../AppData/Local/Temp/chromatic--18460-KIZbIMkMwino/assets/react-dom-of9MgshH.js                3.57 kB │ gzip:   1.36 kB
../../AppData/Local/Temp/chromatic--18460-KIZbIMkMwino/assets/input.stories-BmUg04PE.js            4.23 kB │ gzip:   1.64 kB
../../AppData/Local/Temp/chromatic--18460-KIZbIMkMwino/assets/preview-B2JFdBhA.js                  4.81 kB │ gzip:   1.74 kB
../../AppData/Local/Temp/chromatic--18460-KIZbIMkMwino/assets/button.stories-DjKag2mq.js           5.05 kB │ gzip:   1.66 kB
../../AppData/Local/Temp/chromatic--18460-KIZbIMkMwino/assets/preview-CRAj46N0.js                  5.05 kB │ gzip:   2.38 kB
../../AppData/Local/Temp/chromatic--18460-KIZbIMkMwino/assets/react-CGtmsHh6.js                    7.53 kB │ gzip:   2.88 kB
../../AppData/Local/Temp/chromatic--18460-KIZbIMkMwino/assets/preview-BS4AiyKm.js                  7.61 kB │ gzip:   1.53 kB
../../AppData/Local/Temp/chromatic--18460-KIZbIMkMwino/assets/preview-BDfMGusa.js                  8.13 kB │ gzip:   3.07 kB
../../AppData/Local/Temp/chromatic--18460-KIZbIMkMwino/assets/dist-DwFGUCBN.js                    12.36 kB │ gzip:   3.73 kB
../../AppData/Local/Temp/chromatic--18460-KIZbIMkMwino/assets/Color-YHDXOIA2-CSaQDDUH.js          28.95 kB │ gzip:  10.68 kB
../../AppData/Local/Temp/chromatic--18460-KIZbIMkMwino/assets/entry-preview-DLnJu47x.js           29.12 kB │ gzip:   9.00 kB
../../AppData/Local/Temp/chromatic--18460-KIZbIMkMwino/assets/docs-tools-vOdO3JMh.js              55.83 kB │ gzip:  15.68 kB
../../AppData/Local/Temp/chromatic--18460-KIZbIMkMwino/assets/DocsRenderer-CFRXHY34-pzoMhlkI.js  166.41 kB │ gzip:  50.62 kB
../../AppData/Local/Temp/chromatic--18460-KIZbIMkMwino/assets/client-__0kej7c.js                 178.34 kB │ gzip:  56.33 kB
../../AppData/Local/Temp/chromatic--18460-KIZbIMkMwino/assets/iframe-DQdRLbzB.js                 208.95 kB │ gzip:  70.47 kB
../../AppData/Local/Temp/chromatic--18460-KIZbIMkMwino/assets/entry-preview-docs-B6M-gpus.js     254.56 kB │ gzip:  75.67 kB
../../AppData/Local/Temp/chromatic--18460-KIZbIMkMwino/assets/dist-Dv8SSxIs.js                   647.62 kB │ gzip: 149.58 kB
../../AppData/Local/Temp/chromatic--18460-KIZbIMkMwino/assets/components-afYnml5U.js             700.62 kB │ gzip: 218.19 kB

[32m✓ built in 3.65s[39m
info => Preview built ([38;2;181;126;229m4.72 s[39m)
info => Output directory: C:\Users\denys\AppData\Local\Temp\chromatic--18460-KIZbIMkMwino
