[12:24:44.210] [INFO] [36mInitializing Storybook[39m
[12:24:44.547] [DEBUG] Getting package.json info for C:/Users/denys/Projects/infantia/package.json...
[12:24:44.547] [DEBUG] Getting CLI versions from NPM for storybook...
[12:24:44.547] [DEBUG] Executing command: npm info storybook version
[12:24:45.332] [INFO] Adding Storybook version 10.3.5 to your project
[12:24:45.334] [DEBUG] Project type detected: nextjs
[12:24:45.334] [DEBUG] Using cached package.json for C:\Users\denys\Projects\infantia\package.json...
[12:24:45.346] [INFO] Framework detected: nextjs-vite
[12:24:45.347] [DEBUG] Getting installed version for vitest...
[12:24:45.347] [DEBUG] Executing command: npm ls --json --depth=99 2>NUL
[12:24:46.028] [DEBUG] Executing command: npm ls --json --depth=0 2>NUL
[12:24:46.671] [DEBUG] Error finding installations for vitest: ExecaError: Command failed with exit code 1: npm.cmd ls --json "--depth=0" "2>NUL"

npm error code EINVALIDTAGNAME
npm error Invalid tag name "2>NUL" of package "2>NUL": Tags may not have any characters that encodeURIComponent encodes.
npm error A complete log of this run can be found in: C:\Users\denys\AppData\Local\npm-cache\_logs\2026-04-21T17_24_46_228Z-debug-0.log

{
  "error": {
    "code": "EINVALIDTAGNAME",
    "summary": "Invalid tag name \"2>NUL\" of package \"2>NUL\": Tags may not have any characters that encodeURIComponent encodes.",
    "detail": ""
  }
}
[12:24:46.671] [DEBUG] No installations found for vitest
[12:24:46.671] [DEBUG] Getting installed version for msw...
[12:24:46.671] [DEBUG] Executing command: npm ls --json --depth=99 2>NUL
[12:24:47.324] [DEBUG] Executing command: npm ls --json --depth=0 2>NUL
[12:24:48.078] [DEBUG] Error finding installations for msw: ExecaError: Command failed with exit code 1: npm.cmd ls --json "--depth=0" "2>NUL"

npm error code EINVALIDTAGNAME
npm error Invalid tag name "2>NUL" of package "2>NUL": Tags may not have any characters that encodeURIComponent encodes.
npm error A complete log of this run can be found in: C:\Users\denys\AppData\Local\npm-cache\_logs\2026-04-21T17_24_47_581Z-debug-0.log

{
  "error": {
    "code": "EINVALIDTAGNAME",
    "summary": "Invalid tag name \"2>NUL\" of package \"2>NUL\": Tags may not have any characters that encodeURIComponent encodes.",
    "detail": ""
  }
}
[12:24:48.078] [DEBUG] No installations found for msw
[12:24:48.142] [DEBUG] Using cached package.json for C:\Users\denys\Projects\infantia\package.json...
[12:24:48.143] [DEBUG] Using cached package.json for C:\Users\denys\Projects\infantia\package.json...
[12:24:48.143] [DEBUG] Using cached package.json for C:\Users\denys\Projects\infantia\package.json...
[12:24:48.144] [INFO] - Configuring ESLint plugin
[12:24:48.145] [DEBUG] Detected flat config at C:\Users\denys\Projects\infantia\eslint.config.mjs
[12:24:48.211] [DEBUG] Using cached version for storybook...
[12:24:48.211] [DEBUG] Getting CLI versions from NPM for @storybook/nextjs-vite...
[12:24:48.211] [DEBUG] Executing command: npm info @storybook/nextjs-vite version
[12:24:48.252] [DEBUG] Getting CLI versions from NPM for @chromatic-com/storybook...
[12:24:48.252] [DEBUG] Executing command: npm info @chromatic-com/storybook version
[12:24:48.299] [DEBUG] Getting CLI versions from NPM for @storybook/addon-vitest...
[12:24:48.299] [DEBUG] Executing command: npm info @storybook/addon-vitest version
[12:24:48.345] [DEBUG] Getting CLI versions from NPM for @storybook/addon-a11y...
[12:24:48.345] [DEBUG] Executing command: npm info @storybook/addon-a11y version
[12:24:48.377] [DEBUG] Getting CLI versions from NPM for @storybook/addon-docs...
[12:24:48.377] [DEBUG] Executing command: npm info @storybook/addon-docs version
[12:24:48.407] [DEBUG] Getting CLI versions from NPM for @storybook/addon-onboarding...
[12:24:48.407] [DEBUG] Executing command: npm info @storybook/addon-onboarding version
[12:24:48.437] [DEBUG] Getting CLI versions from NPM for vite...
[12:24:48.437] [DEBUG] Executing command: npm info vite version
[12:24:48.468] [DEBUG] Getting CLI versions from NPM for eslint-plugin-storybook...
[12:24:48.468] [DEBUG] Executing command: npm info eslint-plugin-storybook version
[12:24:51.302] [INFO] - Configuring main.ts
[12:24:51.306] [INFO] - Configuring preview.ts
[12:24:51.309] [INFO] - Adding Storybook command to package.json
[12:24:51.310] [DEBUG] Getting package.json info for C:/Users/denys/Projects/infantia/package.json...
[12:24:51.310] [DEBUG] Using cached package.json for C:\Users\denys\Projects\infantia\package.json...
[12:24:51.310] [DEBUG] Using cached package.json for C:\Users\denys\Projects\infantia\package.json...
[12:24:51.312] [INFO] - Copying framework templates
[12:24:51.405] [DEBUG] Executing command: npm config get registry -ws=false -iwr
[12:24:52.306] [ERROR] [38;2;241;97;97mError: EBUSY: resource busy or locked, unlink '.\src\stories\Configure.mdx'[39m
    at async unlink (node:internal/fs/promises:1058:10)
    at async mayCopyFile (node:internal/fs/cp/cp:247:5)
    at async copyDir (node:internal/fs/cp/cp:330:19)
    at async copyTemplateFiles (file:///C:/Users/denys/AppData/Local/npm-cache/_npx/ac6065c87c5c24ee/node_modules/storybook/dist/_node-chunks/chunk-QTYBYUH2.js:5500:18)
    at async baseGenerator (file:///C:/Users/denys/AppData/Local/npm-cache/_npx/ac6065c87c5c24ee/node_modules/create-storybook/dist/_node-chunks/chunk-5VDIKOHD.js:1298:152)
    at async GeneratorExecutionCommand.executeProjectGenerator (file:///C:/Users/denys/AppData/Local/npm-cache/_npx/ac6065c87c5c24ee/node_modules/create-storybook/dist/_node-chunks/chunk-5VDIKOHD.js:1366:101)
    at async GeneratorExecutionCommand.execute (file:///C:/Users/denys/AppData/Local/npm-cache/_npx/ac6065c87c5c24ee/node_modules/create-storybook/dist/_node-chunks/chunk-5VDIKOHD.js:1388:27)
    at async doInitiate (file:///C:/Users/denys/AppData/Local/npm-cache/_npx/ac6065c87c5c24ee/node_modules/create-storybook/dist/_node-chunks/chunk-5VDIKOHD.js:2886:68)
    at async file:///C:/Users/denys/AppData/Local/npm-cache/_npx/ac6065c87c5c24ee/node_modules/create-storybook/dist/_node-chunks/chunk-5VDIKOHD.js:2928:20
    at async withTelemetry (file:///C:/Users/denys/AppData/Local/npm-cache/_npx/ac6065c87c5c24ee/node_modules/storybook/dist/_node-chunks/chunk-FIR43JGQ.js:225:12)
[12:24:52.312] [INFO] Storybook collects completely anonymous usage telemetry. We use it to shape Storybook's roadmap and prioritize features. You can learn more, including how to opt out, at https://storybook.js.org/telemetry